  Camera.cpp
C:\Users\Diogo Veloso\Desktop\Universidade\3_Ano\2 Semestre\Programaçao3D\Programacao3DProjeto\Programacao3DProjeto\Camera.cpp(9,10): warning C4244: '=': conversion from 'int' to 'float', possible loss of data
C:\Users\Diogo Veloso\Desktop\Universidade\3_Ano\2 Semestre\Programaçao3D\Programacao3DProjeto\Programacao3DProjeto\Camera.cpp(10,11): warning C4244: '=': conversion from 'int' to 'float', possible loss of data
  Source.cpp
C:\Users\Diogo Veloso\Desktop\Universidade\3_Ano\2 Semestre\Programaçao3D\Programacao3DProjeto\Programacao3DProjeto\Source.cpp(68,66): warning C4305: 'argument': truncation from 'double' to 'float'
C:\Users\Diogo Veloso\Desktop\Universidade\3_Ano\2 Semestre\Programaçao3D\Programacao3DProjeto\Programacao3DProjeto\Source.cpp(83,20): warning C4244: '=': conversion from 'double' to 'float', possible loss of data
C:\Users\Diogo Veloso\Desktop\Universidade\3_Ano\2 Semestre\Programaçao3D\Programacao3DProjeto\Programacao3DProjeto\Source.cpp(84,14): warning C4244: '=': conversion from 'double' to 'float', possible loss of data
  World.cpp
  WorldPosition.cpp
MSVCRT.lib(initializers.obj) : warning LNK4098: defaultlib 'libcmt.lib' conflicts with use of other libs; use /NODEFAULTLIB:library
  Generating code
  16 of 537 functions ( 3.0%) were compiled, the rest were copied from previous compilation.
    7 functions were new in current compilation
    0 functions had inline decision re-evaluated but remain unchanged
  Finished generating code
glew32s.lib(glew.obj) : warning LNK4099: PDB 'vc120.pdb' was not found with 'glew32s.lib(glew.obj)' or at 'C:\Users\Diogo Veloso\Desktop\Universidade\3_Ano\2 Semestre\Programaçao3D\Programacao3DProjeto\x64\Release\vc120.pdb'; linking object as if no debug info
LINK : warning LNK4286: symbol '__glewGenBuffers' defined in 'glew32s.lib(glew.obj)' is imported by 'Read_Model.obj'
LINK : warning LNK4286: symbol '__glewGenVertexArrays' defined in 'glew32s.lib(glew.obj)' is imported by 'Read_Model.obj'
LINK : warning LNK4286: symbol '__glewBufferData' defined in 'glew32s.lib(glew.obj)' is imported by 'Read_Model.obj'
LINK : warning LNK4286: symbol '__glewBindBuffer' defined in 'glew32s.lib(glew.obj)' is imported by 'Read_Model.obj'
LINK : warning LNK4286: symbol '__glewBindVertexArray' defined in 'glew32s.lib(glew.obj)' is imported by 'Read_Model.obj'
  Programacao3DProjeto.vcxproj -> C:\Users\Diogo Veloso\Desktop\Universidade\3_Ano\2 Semestre\Programaçao3D\Programacao3DProjeto\x64\Release\Programacao3DProjeto.exe
